[0.223s] Invoking command in '/home/ryota/ros2_ws/build/person_msgs': CMAKE_PREFIX_PATH=/opt/ros/foxy /usr/bin/cmake /home/ryota/ros2_ws/src/person_msgs -DCMAKE_INSTALL_PREFIX=/home/ryota/ros2_ws/install/person_msgs
[0.234s] -- Found ament_cmake: 0.9.12 (/opt/ros/foxy/share/ament_cmake/cmake)
[0.248s] -- Found PythonInterp: /usr/bin/python3 (found suitable version "3.8.10", minimum required is "3") 
[0.248s] -- Using PYTHON_EXECUTABLE: /usr/bin/python3
[0.378s] -- Found rosidl_default_generators: 1.0.1 (/opt/ros/foxy/share/rosidl_default_generators/cmake)
[0.379s] -- Using all available rosidl_typesupport_c: rosidl_typesupport_fastrtps_c;rosidl_typesupport_introspection_c
[0.381s] -- Found rosidl_adapter: 1.3.1 (/opt/ros/foxy/share/rosidl_adapter/cmake)
[2.726s] -- Using all available rosidl_typesupport_cpp: rosidl_typesupport_fastrtps_cpp;rosidl_typesupport_introspection_cpp
[2.754s] -- Found PythonInterp: /usr/bin/python3 (found version "3.8.10") 
[2.832s] -- Found ament_cmake_ros: 0.9.2 (/opt/ros/foxy/share/ament_cmake_ros/cmake)
[5.031s] -- Using all available rosidl_typesupport_c: rosidl_typesupport_fastrtps_c;rosidl_typesupport_introspection_c
[5.040s] -- Using all available rosidl_typesupport_cpp: rosidl_typesupport_fastrtps_cpp;rosidl_typesupport_introspection_cpp
[5.054s] -- Found PythonInterp: /usr/bin/python3 (found suitable version "3.8.10", minimum required is "3.5") 
[5.057s] -- Found python_cmake_module: 0.8.1 (/opt/ros/foxy/share/python_cmake_module/cmake)
[5.271s] -- Found PythonLibs: /usr/lib/x86_64-linux-gnu/libpython3.8.so (found suitable version "3.8.10", minimum required is "3.5") 
[5.271s] -- Using PYTHON_EXECUTABLE: /usr/bin/python3
[5.271s] -- Using PYTHON_INCLUDE_DIRS: /usr/include/python3.8
[5.271s] -- Using PYTHON_LIBRARIES: /usr/lib/x86_64-linux-gnu/libpython3.8.so
[5.285s] -- Found PythonExtra: .so  
[5.336s] -- Found ament_lint_auto: 0.9.8 (/opt/ros/foxy/share/ament_lint_auto/cmake)
[5.365s] -- Added test 'copyright' to check source files copyright and LICENSE
[5.367s] -- Added test 'lint_cmake' to check CMake code style
[5.369s] -- Added test 'xmllint' to check XML markup files
[5.372s] -- Configuring done
[5.394s] -- Generating done
[5.396s] -- Build files have been written to: /home/ryota/ros2_ws/build/person_msgs
[5.402s] Invoked command in '/home/ryota/ros2_ws/build/person_msgs' returned '0': CMAKE_PREFIX_PATH=/opt/ros/foxy /usr/bin/cmake /home/ryota/ros2_ws/src/person_msgs -DCMAKE_INSTALL_PREFIX=/home/ryota/ros2_ws/install/person_msgs
[5.404s] Invoking command in '/home/ryota/ros2_ws/build/person_msgs': CMAKE_PREFIX_PATH=/opt/ros/foxy /usr/bin/cmake --build /home/ryota/ros2_ws/build/person_msgs -- -j16 -l16
[5.428s] [  3%] [34m[1mGenerating C code for ROS interfaces[0m
[5.428s] [35m[1mScanning dependencies of target person_msgs__cpp[0m
[5.435s] [  6%] [34m[1mGenerating C++ code for ROS interfaces[0m
[5.586s] [  6%] Built target person_msgs__cpp
[5.592s] [ 16%] [34m[1mGenerating C++ type support for eProsima Fast-RTPS[0m
[5.592s] [ 16%] [34m[1mGenerating C++ introspection for ROS interfaces[0m
[5.592s] [ 16%] [34m[1mGenerating C++ type support dispatch for ROS interfaces[0m
[5.592s] [35m[1mScanning dependencies of target person_msgs__rosidl_generator_c[0m
[5.605s] [ 19%] [32mBuilding C object CMakeFiles/person_msgs__rosidl_generator_c.dir/rosidl_generator_c/person_msgs/msg/detail/person__functions.c.o[0m
[5.663s] [ 22%] [32m[1mLinking C shared library libperson_msgs__rosidl_generator_c.so[0m
[5.731s] [35m[1mScanning dependencies of target person_msgs__rosidl_typesupport_cpp[0m
[5.738s] [ 22%] Built target person_msgs__rosidl_generator_c
[5.742s] [ 25%] [32mBuilding CXX object CMakeFiles/person_msgs__rosidl_typesupport_cpp.dir/rosidl_typesupport_cpp/person_msgs/msg/person__type_support.cpp.o[0m
[5.742s] [35m[1mScanning dependencies of target person_msgs__rosidl_typesupport_introspection_cpp[0m
[5.743s] [ 32%] [34m[1mGenerating C introspection for ROS interfaces[0m
[5.743s] [ 32%] [34m[1mGenerating C type support dispatch for ROS interfaces[0m
[5.744s] [35m[1mScanning dependencies of target person_msgs__rosidl_typesupport_fastrtps_cpp[0m
[5.752s] [ 35%] [32mBuilding CXX object CMakeFiles/person_msgs__rosidl_typesupport_introspection_cpp.dir/rosidl_typesupport_introspection_cpp/person_msgs/msg/detail/person__type_support.cpp.o[0m
[5.758s] [ 38%] [32mBuilding CXX object CMakeFiles/person_msgs__rosidl_typesupport_fastrtps_cpp.dir/rosidl_typesupport_fastrtps_cpp/person_msgs/msg/detail/dds_fastrtps/person__type_support.cpp.o[0m
[5.879s] [35m[1mScanning dependencies of target person_msgs__rosidl_typesupport_c[0m
[5.889s] [ 41%] [32mBuilding CXX object CMakeFiles/person_msgs__rosidl_typesupport_c.dir/rosidl_typesupport_c/person_msgs/msg/person__type_support.cpp.o[0m
[5.900s] [35m[1mScanning dependencies of target person_msgs__rosidl_typesupport_introspection_c[0m
[5.909s] [ 48%] [32m[1mLinking CXX shared library libperson_msgs__rosidl_typesupport_c.so[0m
[5.909s] [ 48%] [32mBuilding C object CMakeFiles/person_msgs__rosidl_typesupport_introspection_c.dir/rosidl_typesupport_introspection_c/person_msgs/msg/detail/person__type_support.c.o[0m
[5.936s] [ 51%] [32m[1mLinking C shared library libperson_msgs__rosidl_typesupport_introspection_c.so[0m
[5.988s] [ 51%] Built target person_msgs__rosidl_typesupport_c
[6.001s] [ 51%] Built target person_msgs__rosidl_typesupport_introspection_c
[6.011s] [ 54%] [32m[1mLinking CXX shared library libperson_msgs__rosidl_typesupport_cpp.so[0m
[6.032s] [ 58%] [32m[1mLinking CXX shared library libperson_msgs__rosidl_typesupport_introspection_cpp.so[0m
[6.100s] [ 58%] Built target person_msgs__rosidl_typesupport_cpp
[6.133s] [ 58%] Built target person_msgs__rosidl_typesupport_introspection_cpp
[6.149s] [ 61%] [32m[1mLinking CXX shared library libperson_msgs__rosidl_typesupport_fastrtps_cpp.so[0m
[6.255s] [ 61%] Built target person_msgs__rosidl_typesupport_fastrtps_cpp
[6.261s] [ 64%] [34m[1mGenerating C type support for eProsima Fast-RTPS[0m
[6.400s] [35m[1mScanning dependencies of target person_msgs__rosidl_typesupport_fastrtps_c[0m
[6.412s] [ 67%] [32mBuilding CXX object CMakeFiles/person_msgs__rosidl_typesupport_fastrtps_c.dir/rosidl_typesupport_fastrtps_c/person_msgs/msg/detail/person__type_support_c.cpp.o[0m
[6.644s] [ 70%] [32m[1mLinking CXX shared library libperson_msgs__rosidl_typesupport_fastrtps_c.so[0m
[6.737s] [ 70%] Built target person_msgs__rosidl_typesupport_fastrtps_c
[6.743s] [35m[1mScanning dependencies of target person_msgs[0m
[6.749s] [ 70%] Built target person_msgs
[6.754s] [35m[1mScanning dependencies of target person_msgs__py[0m
[6.760s] [ 74%] [34m[1mGenerating Python code for ROS interfaces[0m
[7.019s] [ 74%] Built target person_msgs__py
[7.025s] [35m[1mScanning dependencies of target person_msgs__python[0m
[7.064s] [ 77%] [32mBuilding C object CMakeFiles/person_msgs__python.dir/rosidl_generator_py/person_msgs/msg/_person_s.c.o[0m
[7.136s] [ 80%] [32m[1mLinking C shared library rosidl_generator_py/person_msgs/libperson_msgs__python.so[0m
[7.200s] [ 80%] Built target person_msgs__python
[7.206s] [35m[1mScanning dependencies of target person_msgs__rosidl_typesupport_c__pyext[0m
[7.206s] [35m[1mScanning dependencies of target person_msgs__rosidl_typesupport_introspection_c__pyext[0m
[7.206s] [35m[1mScanning dependencies of target person_msgs__rosidl_typesupport_fastrtps_c__pyext[0m
[7.217s] [ 90%] [32mBuilding C object CMakeFiles/person_msgs__rosidl_typesupport_fastrtps_c__pyext.dir/rosidl_generator_py/person_msgs/_person_msgs_s.ep.rosidl_typesupport_fastrtps_c.c.o[0m
[7.218s] [ 90%] [32mBuilding C object CMakeFiles/person_msgs__rosidl_typesupport_c__pyext.dir/rosidl_generator_py/person_msgs/_person_msgs_s.ep.rosidl_typesupport_c.c.o[0m
[7.218s] [ 90%] [32mBuilding C object CMakeFiles/person_msgs__rosidl_typesupport_introspection_c__pyext.dir/rosidl_generator_py/person_msgs/_person_msgs_s.ep.rosidl_typesupport_introspection_c.c.o[0m
[7.269s] [ 93%] [32m[1mLinking CXX shared library rosidl_generator_py/person_msgs/person_msgs_s__rosidl_typesupport_fastrtps_c.cpython-38-x86_64-linux-gnu.so[0m
[7.274s] [100%] [32m[1mLinking C shared library rosidl_generator_py/person_msgs/person_msgs_s__rosidl_typesupport_c.cpython-38-x86_64-linux-gnu.so[0m
[7.274s] [100%] [32m[1mLinking C shared library rosidl_generator_py/person_msgs/person_msgs_s__rosidl_typesupport_introspection_c.cpython-38-x86_64-linux-gnu.so[0m
[7.324s] [100%] Built target person_msgs__rosidl_typesupport_introspection_c__pyext
[7.324s] [100%] Built target person_msgs__rosidl_typesupport_c__pyext
[7.342s] [100%] Built target person_msgs__rosidl_typesupport_fastrtps_c__pyext
[7.349s] Invoked command in '/home/ryota/ros2_ws/build/person_msgs' returned '0': CMAKE_PREFIX_PATH=/opt/ros/foxy /usr/bin/cmake --build /home/ryota/ros2_ws/build/person_msgs -- -j16 -l16
[7.387s] Invoking command in '/home/ryota/ros2_ws/build/person_msgs': CMAKE_PREFIX_PATH=/opt/ros/foxy /usr/bin/cmake --install /home/ryota/ros2_ws/build/person_msgs
[7.391s] -- Install configuration: ""
[7.392s] -- Installing: /home/ryota/ros2_ws/install/person_msgs/share/ament_index/resource_index/rosidl_interfaces/person_msgs
[7.392s] -- Installing: /home/ryota/ros2_ws/install/person_msgs/include/person_msgs
[7.392s] -- Installing: /home/ryota/ros2_ws/install/person_msgs/include/person_msgs/msg
[7.392s] -- Installing: /home/ryota/ros2_ws/install/person_msgs/include/person_msgs/msg/person.h
[7.392s] -- Installing: /home/ryota/ros2_ws/install/person_msgs/include/person_msgs/msg/rosidl_generator_c__visibility_control.h
[7.392s] -- Installing: /home/ryota/ros2_ws/install/person_msgs/include/person_msgs/msg/detail
[7.393s] -- Installing: /home/ryota/ros2_ws/install/person_msgs/include/person_msgs/msg/detail/person__functions.c
[7.393s] -- Installing: /home/ryota/ros2_ws/install/person_msgs/include/person_msgs/msg/detail/person__type_support.h
[7.393s] -- Installing: /home/ryota/ros2_ws/install/person_msgs/include/person_msgs/msg/detail/person__functions.h
[7.393s] -- Installing: /home/ryota/ros2_ws/install/person_msgs/include/person_msgs/msg/detail/person__struct.h
[7.393s] -- Installing: /home/ryota/ros2_ws/install/person_msgs/share/person_msgs/environment/library_path.sh
[7.393s] -- Installing: /home/ryota/ros2_ws/install/person_msgs/share/person_msgs/environment/library_path.dsv
[7.394s] -- Installing: /home/ryota/ros2_ws/install/person_msgs/lib/libperson_msgs__rosidl_generator_c.so
[7.394s] -- Set runtime path of "/home/ryota/ros2_ws/install/person_msgs/lib/libperson_msgs__rosidl_generator_c.so" to ""
[7.394s] -- Up-to-date: /home/ryota/ros2_ws/install/person_msgs/include/person_msgs
[7.394s] -- Up-to-date: /home/ryota/ros2_ws/install/person_msgs/include/person_msgs/msg
[7.394s] -- Installing: /home/ryota/ros2_ws/install/person_msgs/include/person_msgs/msg/rosidl_typesupport_fastrtps_c__visibility_control.h
[7.394s] -- Up-to-date: /home/ryota/ros2_ws/install/person_msgs/include/person_msgs/msg/detail
[7.394s] -- Installing: /home/ryota/ros2_ws/install/person_msgs/include/person_msgs/msg/detail/person__rosidl_typesupport_fastrtps_c.h
[7.395s] -- Installing: /home/ryota/ros2_ws/install/person_msgs/lib/libperson_msgs__rosidl_typesupport_fastrtps_c.so
[7.395s] -- Set runtime path of "/home/ryota/ros2_ws/install/person_msgs/lib/libperson_msgs__rosidl_typesupport_fastrtps_c.so" to ""
[7.395s] -- Up-to-date: /home/ryota/ros2_ws/install/person_msgs/include/person_msgs
[7.395s] -- Up-to-date: /home/ryota/ros2_ws/install/person_msgs/include/person_msgs/msg
[7.395s] -- Installing: /home/ryota/ros2_ws/install/person_msgs/include/person_msgs/msg/rosidl_typesupport_fastrtps_cpp__visibility_control.h
[7.395s] -- Up-to-date: /home/ryota/ros2_ws/install/person_msgs/include/person_msgs/msg/detail
[7.395s] -- Installing: /home/ryota/ros2_ws/install/person_msgs/include/person_msgs/msg/detail/dds_fastrtps
[7.395s] -- Installing: /home/ryota/ros2_ws/install/person_msgs/include/person_msgs/msg/detail/person__rosidl_typesupport_fastrtps_cpp.hpp
[7.396s] -- Installing: /home/ryota/ros2_ws/install/person_msgs/lib/libperson_msgs__rosidl_typesupport_fastrtps_cpp.so
[7.396s] -- Set runtime path of "/home/ryota/ros2_ws/install/person_msgs/lib/libperson_msgs__rosidl_typesupport_fastrtps_cpp.so" to ""
[7.396s] -- Up-to-date: /home/ryota/ros2_ws/install/person_msgs/include/person_msgs
[7.396s] -- Up-to-date: /home/ryota/ros2_ws/install/person_msgs/include/person_msgs/msg
[7.396s] -- Installing: /home/ryota/ros2_ws/install/person_msgs/include/person_msgs/msg/rosidl_typesupport_introspection_c__visibility_control.h
[7.396s] -- Up-to-date: /home/ryota/ros2_ws/install/person_msgs/include/person_msgs/msg/detail
[7.396s] -- Installing: /home/ryota/ros2_ws/install/person_msgs/include/person_msgs/msg/detail/person__type_support.c
[7.396s] -- Installing: /home/ryota/ros2_ws/install/person_msgs/include/person_msgs/msg/detail/person__rosidl_typesupport_introspection_c.h
[7.396s] -- Installing: /home/ryota/ros2_ws/install/person_msgs/lib/libperson_msgs__rosidl_typesupport_introspection_c.so
[7.396s] -- Set runtime path of "/home/ryota/ros2_ws/install/person_msgs/lib/libperson_msgs__rosidl_typesupport_introspection_c.so" to ""
[7.396s] -- Installing: /home/ryota/ros2_ws/install/person_msgs/lib/libperson_msgs__rosidl_typesupport_c.so
[7.397s] -- Set runtime path of "/home/ryota/ros2_ws/install/person_msgs/lib/libperson_msgs__rosidl_typesupport_c.so" to ""
[7.397s] -- Up-to-date: /home/ryota/ros2_ws/install/person_msgs/include/person_msgs
[7.397s] -- Up-to-date: /home/ryota/ros2_ws/install/person_msgs/include/person_msgs/msg
[7.397s] -- Installing: /home/ryota/ros2_ws/install/person_msgs/include/person_msgs/msg/person.hpp
[7.397s] -- Installing: /home/ryota/ros2_ws/install/person_msgs/include/person_msgs/msg/rosidl_generator_cpp__visibility_control.hpp
[7.397s] -- Up-to-date: /home/ryota/ros2_ws/install/person_msgs/include/person_msgs/msg/detail
[7.397s] -- Installing: /home/ryota/ros2_ws/install/person_msgs/include/person_msgs/msg/detail/person__builder.hpp
[7.397s] -- Installing: /home/ryota/ros2_ws/install/person_msgs/include/person_msgs/msg/detail/person__type_support.hpp
[7.397s] -- Installing: /home/ryota/ros2_ws/install/person_msgs/include/person_msgs/msg/detail/person__traits.hpp
[7.397s] -- Installing: /home/ryota/ros2_ws/install/person_msgs/include/person_msgs/msg/detail/person__struct.hpp
[7.397s] -- Up-to-date: /home/ryota/ros2_ws/install/person_msgs/include/person_msgs
[7.397s] -- Up-to-date: /home/ryota/ros2_ws/install/person_msgs/include/person_msgs/msg
[7.397s] -- Up-to-date: /home/ryota/ros2_ws/install/person_msgs/include/person_msgs/msg/detail
[7.398s] -- Installing: /home/ryota/ros2_ws/install/person_msgs/include/person_msgs/msg/detail/person__rosidl_typesupport_introspection_cpp.hpp
[7.398s] -- Installing: /home/ryota/ros2_ws/install/person_msgs/include/person_msgs/msg/detail/person__type_support.cpp
[7.398s] -- Installing: /home/ryota/ros2_ws/install/person_msgs/lib/libperson_msgs__rosidl_typesupport_introspection_cpp.so
[7.398s] -- Set runtime path of "/home/ryota/ros2_ws/install/person_msgs/lib/libperson_msgs__rosidl_typesupport_introspection_cpp.so" to ""
[7.398s] -- Installing: /home/ryota/ros2_ws/install/person_msgs/lib/libperson_msgs__rosidl_typesupport_cpp.so
[7.398s] -- Set runtime path of "/home/ryota/ros2_ws/install/person_msgs/lib/libperson_msgs__rosidl_typesupport_cpp.so" to ""
[7.398s] -- Installing: /home/ryota/ros2_ws/install/person_msgs/share/person_msgs/environment/pythonpath.sh
[7.398s] -- Installing: /home/ryota/ros2_ws/install/person_msgs/share/person_msgs/environment/pythonpath.dsv
[7.398s] -- Installing: /home/ryota/ros2_ws/install/person_msgs/lib/python3.8/site-packages/person_msgs/__init__.py
[7.417s] Compiling '/home/ryota/ros2_ws/install/person_msgs/lib/python3.8/site-packages/person_msgs/__init__.py'...
[7.420s] -- Installing: /home/ryota/ros2_ws/install/person_msgs/lib/python3.8/site-packages/person_msgs/msg
[7.420s] -- Installing: /home/ryota/ros2_ws/install/person_msgs/lib/python3.8/site-packages/person_msgs/msg/_person.py
[7.420s] -- Installing: /home/ryota/ros2_ws/install/person_msgs/lib/python3.8/site-packages/person_msgs/msg/_person_s.c
[7.421s] -- Installing: /home/ryota/ros2_ws/install/person_msgs/lib/python3.8/site-packages/person_msgs/msg/__init__.py
[7.421s] -- Installing: /home/ryota/ros2_ws/install/person_msgs/lib/python3.8/site-packages/person_msgs/person_msgs_s__rosidl_typesupport_fastrtps_c.cpython-38-x86_64-linux-gnu.so
[7.421s] -- Set runtime path of "/home/ryota/ros2_ws/install/person_msgs/lib/python3.8/site-packages/person_msgs/person_msgs_s__rosidl_typesupport_fastrtps_c.cpython-38-x86_64-linux-gnu.so" to ""
[7.421s] -- Installing: /home/ryota/ros2_ws/install/person_msgs/lib/python3.8/site-packages/person_msgs/person_msgs_s__rosidl_typesupport_introspection_c.cpython-38-x86_64-linux-gnu.so
[7.421s] -- Set runtime path of "/home/ryota/ros2_ws/install/person_msgs/lib/python3.8/site-packages/person_msgs/person_msgs_s__rosidl_typesupport_introspection_c.cpython-38-x86_64-linux-gnu.so" to ""
[7.421s] -- Installing: /home/ryota/ros2_ws/install/person_msgs/lib/python3.8/site-packages/person_msgs/person_msgs_s__rosidl_typesupport_c.cpython-38-x86_64-linux-gnu.so
[7.422s] -- Set runtime path of "/home/ryota/ros2_ws/install/person_msgs/lib/python3.8/site-packages/person_msgs/person_msgs_s__rosidl_typesupport_c.cpython-38-x86_64-linux-gnu.so" to ""
[7.422s] -- Installing: /home/ryota/ros2_ws/install/person_msgs/lib/libperson_msgs__python.so
[7.422s] -- Set runtime path of "/home/ryota/ros2_ws/install/person_msgs/lib/libperson_msgs__python.so" to ""
[7.422s] -- Installing: /home/ryota/ros2_ws/install/person_msgs/share/person_msgs/msg/Person.idl
[7.422s] -- Installing: /home/ryota/ros2_ws/install/person_msgs/share/person_msgs/msg/Person.msg
[7.423s] -- Installing: /home/ryota/ros2_ws/install/person_msgs/share/ament_index/resource_index/package_run_dependencies/person_msgs
[7.423s] -- Installing: /home/ryota/ros2_ws/install/person_msgs/share/ament_index/resource_index/parent_prefix_path/person_msgs
[7.423s] -- Installing: /home/ryota/ros2_ws/install/person_msgs/share/person_msgs/environment/ament_prefix_path.sh
[7.423s] -- Installing: /home/ryota/ros2_ws/install/person_msgs/share/person_msgs/environment/ament_prefix_path.dsv
[7.423s] -- Installing: /home/ryota/ros2_ws/install/person_msgs/share/person_msgs/environment/path.sh
[7.423s] -- Installing: /home/ryota/ros2_ws/install/person_msgs/share/person_msgs/environment/path.dsv
[7.423s] -- Installing: /home/ryota/ros2_ws/install/person_msgs/share/person_msgs/local_setup.bash
[7.424s] -- Installing: /home/ryota/ros2_ws/install/person_msgs/share/person_msgs/local_setup.sh
[7.424s] -- Installing: /home/ryota/ros2_ws/install/person_msgs/share/person_msgs/local_setup.zsh
[7.424s] -- Installing: /home/ryota/ros2_ws/install/person_msgs/share/person_msgs/local_setup.dsv
[7.424s] -- Installing: /home/ryota/ros2_ws/install/person_msgs/share/person_msgs/package.dsv
[7.424s] -- Installing: /home/ryota/ros2_ws/install/person_msgs/share/ament_index/resource_index/packages/person_msgs
[7.424s] -- Installing: /home/ryota/ros2_ws/install/person_msgs/share/person_msgs/cmake/person_msgs__rosidl_generator_cExport.cmake
[7.424s] -- Installing: /home/ryota/ros2_ws/install/person_msgs/share/person_msgs/cmake/person_msgs__rosidl_generator_cExport-noconfig.cmake
[7.424s] -- Installing: /home/ryota/ros2_ws/install/person_msgs/share/person_msgs/cmake/person_msgs__rosidl_typesupport_introspection_cExport.cmake
[7.424s] -- Installing: /home/ryota/ros2_ws/install/person_msgs/share/person_msgs/cmake/person_msgs__rosidl_typesupport_introspection_cExport-noconfig.cmake
[7.424s] -- Installing: /home/ryota/ros2_ws/install/person_msgs/share/person_msgs/cmake/person_msgs__rosidl_typesupport_cExport.cmake
[7.425s] -- Installing: /home/ryota/ros2_ws/install/person_msgs/share/person_msgs/cmake/person_msgs__rosidl_typesupport_cExport-noconfig.cmake
[7.425s] -- Installing: /home/ryota/ros2_ws/install/person_msgs/share/person_msgs/cmake/person_msgs__rosidl_generator_cppExport.cmake
[7.425s] -- Installing: /home/ryota/ros2_ws/install/person_msgs/share/person_msgs/cmake/person_msgs__rosidl_typesupport_introspection_cppExport.cmake
[7.425s] -- Installing: /home/ryota/ros2_ws/install/person_msgs/share/person_msgs/cmake/person_msgs__rosidl_typesupport_introspection_cppExport-noconfig.cmake
[7.425s] -- Installing: /home/ryota/ros2_ws/install/person_msgs/share/person_msgs/cmake/person_msgs__rosidl_typesupport_cppExport.cmake
[7.425s] -- Installing: /home/ryota/ros2_ws/install/person_msgs/share/person_msgs/cmake/person_msgs__rosidl_typesupport_cppExport-noconfig.cmake
[7.425s] -- Installing: /home/ryota/ros2_ws/install/person_msgs/share/person_msgs/cmake/rosidl_cmake-extras.cmake
[7.425s] -- Installing: /home/ryota/ros2_ws/install/person_msgs/share/person_msgs/cmake/ament_cmake_export_dependencies-extras.cmake
[7.426s] -- Installing: /home/ryota/ros2_ws/install/person_msgs/share/person_msgs/cmake/ament_cmake_export_libraries-extras.cmake
[7.426s] -- Installing: /home/ryota/ros2_ws/install/person_msgs/share/person_msgs/cmake/ament_cmake_export_targets-extras.cmake
[7.426s] -- Installing: /home/ryota/ros2_ws/install/person_msgs/share/person_msgs/cmake/ament_cmake_export_include_directories-extras.cmake
[7.426s] -- Installing: /home/ryota/ros2_ws/install/person_msgs/share/person_msgs/cmake/rosidl_cmake_export_typesupport_libraries-extras.cmake
[7.426s] -- Installing: /home/ryota/ros2_ws/install/person_msgs/share/person_msgs/cmake/rosidl_cmake_export_typesupport_targets-extras.cmake
[7.426s] -- Installing: /home/ryota/ros2_ws/install/person_msgs/share/person_msgs/cmake/person_msgsConfig.cmake
[7.426s] -- Installing: /home/ryota/ros2_ws/install/person_msgs/share/person_msgs/cmake/person_msgsConfig-version.cmake
[7.426s] -- Installing: /home/ryota/ros2_ws/install/person_msgs/share/person_msgs/package.xml
[7.428s] Invoked command in '/home/ryota/ros2_ws/build/person_msgs' returned '0': CMAKE_PREFIX_PATH=/opt/ros/foxy /usr/bin/cmake --install /home/ryota/ros2_ws/build/person_msgs
