[0.681s] Invoking command in '/home/ryota/ros2_ws/src/mypkg': PYTHONPATH=/home/ryota/ros2_ws/build/mypkg/prefix_override:/home/ryota/ros2_ws/install/mypkg/lib/python3.8/site-packages:${PYTHONPATH} /usr/bin/python3 setup.py egg_info --egg-base ../../build/mypkg build --build-base /home/ryota/ros2_ws/build/mypkg/build install --record /home/ryota/ros2_ws/build/mypkg/install.log --install-scripts $base/lib/mypkg --single-version-externally-managed
[0.814s] running egg_info
[0.814s] writing ../../build/mypkg/mypkg.egg-info/PKG-INFO
[0.815s] writing dependency_links to ../../build/mypkg/mypkg.egg-info/dependency_links.txt
[0.816s] writing entry points to ../../build/mypkg/mypkg.egg-info/entry_points.txt
[0.816s] writing requirements to ../../build/mypkg/mypkg.egg-info/requires.txt
[0.816s] writing top-level names to ../../build/mypkg/mypkg.egg-info/top_level.txt
[0.837s] reading manifest file '../../build/mypkg/mypkg.egg-info/SOURCES.txt'
[0.839s] writing manifest file '../../build/mypkg/mypkg.egg-info/SOURCES.txt'
[0.840s] running build
[0.840s] running build_py
[0.840s] copying mypkg/talker.py -> /home/ryota/ros2_ws/build/mypkg/build/lib/mypkg
[0.840s] running install
[0.840s] running install_lib
[0.840s] copying /home/ryota/ros2_ws/build/mypkg/build/lib/mypkg/talker.py -> /home/ryota/ros2_ws/install/mypkg/lib/python3.8/site-packages/mypkg
[0.841s] byte-compiling /home/ryota/ros2_ws/install/mypkg/lib/python3.8/site-packages/mypkg/talker.py to talker.cpython-38.pyc
[0.841s] running install_data
[0.841s] running install_egg_info
[0.844s] removing '/home/ryota/ros2_ws/install/mypkg/lib/python3.8/site-packages/mypkg-0.0.0-py3.8.egg-info' (and everything under it)
[0.844s] Copying ../../build/mypkg/mypkg.egg-info to /home/ryota/ros2_ws/install/mypkg/lib/python3.8/site-packages/mypkg-0.0.0-py3.8.egg-info
[0.844s] running install_scripts
[0.855s] Installing listener script to /home/ryota/ros2_ws/install/mypkg/lib/mypkg
[0.855s] Installing talker script to /home/ryota/ros2_ws/install/mypkg/lib/mypkg
[0.855s] writing list of installed files to '/home/ryota/ros2_ws/build/mypkg/install.log'
[0.870s] Invoked command in '/home/ryota/ros2_ws/src/mypkg' returned '0': PYTHONPATH=/home/ryota/ros2_ws/build/mypkg/prefix_override:/home/ryota/ros2_ws/install/mypkg/lib/python3.8/site-packages:${PYTHONPATH} /usr/bin/python3 setup.py egg_info --egg-base ../../build/mypkg build --build-base /home/ryota/ros2_ws/build/mypkg/build install --record /home/ryota/ros2_ws/build/mypkg/install.log --install-scripts $base/lib/mypkg --single-version-externally-managed
