[0.223s] Invoking command in '/home/ryota/ros2_ws/build/person_msgs': CMAKE_PREFIX_PATH=/opt/ros/foxy /usr/bin/cmake /home/ryota/ros2_ws/src/person_msgs -DCMAKE_INSTALL_PREFIX=/home/ryota/ros2_ws/install/person_msgs
[0.233s] -- Found ament_cmake: 0.9.12 (/opt/ros/foxy/share/ament_cmake/cmake)
[0.247s] -- Found PythonInterp: /usr/bin/python3 (found suitable version "3.8.10", minimum required is "3") 
[0.247s] -- Using PYTHON_EXECUTABLE: /usr/bin/python3
[0.356s] -- Found rosidl_default_generators: 1.0.1 (/opt/ros/foxy/share/rosidl_default_generators/cmake)
[0.357s] -- Using all available rosidl_typesupport_c: rosidl_typesupport_fastrtps_c;rosidl_typesupport_introspection_c
[0.359s] -- Found rosidl_adapter: 1.3.1 (/opt/ros/foxy/share/rosidl_adapter/cmake)
[2.727s] -- Using all available rosidl_typesupport_cpp: rosidl_typesupport_fastrtps_cpp;rosidl_typesupport_introspection_cpp
[2.756s] -- Found PythonInterp: /usr/bin/python3 (found version "3.8.10") 
[2.827s] CMake Error at /opt/ros/foxy/share/rosidl_cmake/cmake/rosidl_generate_interfaces.cmake:229 (message):
[2.828s]   Packages installing interfaces must include
[2.828s]   '<member_of_group>rosidl_interface_packages</member_of_group>' in their
[2.828s]   package.xml
[2.828s] Call Stack (most recent call first):
[2.828s]   CMakeLists.txt:24 (rosidl_generate_interfaces)
[2.828s] 
[2.828s] 
[2.828s] -- Configuring incomplete, errors occurred!
[2.828s] See also "/home/ryota/ros2_ws/build/person_msgs/CMakeFiles/CMakeOutput.log".
[2.833s] Invoked command in '/home/ryota/ros2_ws/build/person_msgs' returned '1': CMAKE_PREFIX_PATH=/opt/ros/foxy /usr/bin/cmake /home/ryota/ros2_ws/src/person_msgs -DCMAKE_INSTALL_PREFIX=/home/ryota/ros2_ws/install/person_msgs
