[0.561s] Invoking command in '/home/ryota/ros2_ws/src/mypkg': PYTHONPATH=/home/ryota/ros2_ws/build/mypkg/prefix_override:/home/ryota/ros2_ws/install/mypkg/lib/python3.8/site-packages:${PYTHONPATH} /usr/bin/python3 setup.py egg_info --egg-base ../../build/mypkg build --build-base /home/ryota/ros2_ws/build/mypkg/build install --record /home/ryota/ros2_ws/build/mypkg/install.log --install-scripts $base/lib/mypkg --single-version-externally-managed
[0.707s] running egg_info
[0.707s] creating ../../build/mypkg/mypkg.egg-info
[0.707s] writing ../../build/mypkg/mypkg.egg-info/PKG-INFO
[0.707s] writing dependency_links to ../../build/mypkg/mypkg.egg-info/dependency_links.txt
[0.707s] writing entry points to ../../build/mypkg/mypkg.egg-info/entry_points.txt
[0.708s] writing requirements to ../../build/mypkg/mypkg.egg-info/requires.txt
[0.708s] writing top-level names to ../../build/mypkg/mypkg.egg-info/top_level.txt
[0.708s] writing manifest file '../../build/mypkg/mypkg.egg-info/SOURCES.txt'
[0.730s] reading manifest file '../../build/mypkg/mypkg.egg-info/SOURCES.txt'
[0.731s] writing manifest file '../../build/mypkg/mypkg.egg-info/SOURCES.txt'
[0.731s] running build
[0.731s] running build_py
[0.731s] creating /home/ryota/ros2_ws/build/mypkg/build
[0.731s] creating /home/ryota/ros2_ws/build/mypkg/build/lib
[0.731s] creating /home/ryota/ros2_ws/build/mypkg/build/lib/mypkg
[0.731s] copying mypkg/talker.py -> /home/ryota/ros2_ws/build/mypkg/build/lib/mypkg
[0.731s] copying mypkg/listener.py -> /home/ryota/ros2_ws/build/mypkg/build/lib/mypkg
[0.732s] copying mypkg/__init__.py -> /home/ryota/ros2_ws/build/mypkg/build/lib/mypkg
[0.732s] running install
[0.732s] running install_lib
[0.733s] running install_data
[0.733s] running install_egg_info
[0.734s] removing '/home/ryota/ros2_ws/install/mypkg/lib/python3.8/site-packages/mypkg-0.0.0-py3.8.egg-info' (and everything under it)
[0.734s] Copying ../../build/mypkg/mypkg.egg-info to /home/ryota/ros2_ws/install/mypkg/lib/python3.8/site-packages/mypkg-0.0.0-py3.8.egg-info
[0.735s] running install_scripts
[0.747s] Installing listener script to /home/ryota/ros2_ws/install/mypkg/lib/mypkg
[0.747s] Installing talker script to /home/ryota/ros2_ws/install/mypkg/lib/mypkg
[0.747s] writing list of installed files to '/home/ryota/ros2_ws/build/mypkg/install.log'
[0.766s] Invoked command in '/home/ryota/ros2_ws/src/mypkg' returned '0': PYTHONPATH=/home/ryota/ros2_ws/build/mypkg/prefix_override:/home/ryota/ros2_ws/install/mypkg/lib/python3.8/site-packages:${PYTHONPATH} /usr/bin/python3 setup.py egg_info --egg-base ../../build/mypkg build --build-base /home/ryota/ros2_ws/build/mypkg/build install --record /home/ryota/ros2_ws/build/mypkg/install.log --install-scripts $base/lib/mypkg --single-version-externally-managed
