[0.224s] Invoking command in '/home/ryota/ros2_ws/build/person_msgs': CMAKE_PREFIX_PATH=/opt/ros/foxy /usr/bin/cmake /home/ryota/ros2_ws/src/person_msgs -DCMAKE_INSTALL_PREFIX=/home/ryota/ros2_ws/install/person_msgs
[0.322s] -- The C compiler identification is GNU 9.4.0
[0.470s] -- The CXX compiler identification is GNU 9.4.0
[0.544s] -- Check for working C compiler: /usr/bin/cc
[0.632s] -- Check for working C compiler: /usr/bin/cc -- works
[0.632s] -- Detecting C compiler ABI info
[0.722s] -- Detecting C compiler ABI info - done
[0.730s] -- Detecting C compile features
[0.730s] -- Detecting C compile features - done
[0.731s] -- Check for working CXX compiler: /usr/bin/c++
[0.818s] -- Check for working CXX compiler: /usr/bin/c++ -- works
[0.818s] -- Detecting CXX compiler ABI info
[0.912s] -- Detecting CXX compiler ABI info - done
[0.920s] -- Detecting CXX compile features
[0.920s] -- Detecting CXX compile features - done
[0.921s] -- Found ament_cmake: 0.9.12 (/opt/ros/foxy/share/ament_cmake/cmake)
[0.936s] -- Found PythonInterp: /usr/bin/python3 (found suitable version "3.8.10", minimum required is "3") 
[0.936s] -- Using PYTHON_EXECUTABLE: /usr/bin/python3
[1.052s] -- Found rosidl_default_generators: 1.0.1 (/opt/ros/foxy/share/rosidl_default_generators/cmake)
[1.053s] -- Using all available rosidl_typesupport_c: rosidl_typesupport_fastrtps_c;rosidl_typesupport_introspection_c
[1.057s] -- Found rosidl_adapter: 1.3.1 (/opt/ros/foxy/share/rosidl_adapter/cmake)
[1.812s] -- Found OpenSSL: /usr/lib/x86_64-linux-gnu/libcrypto.so (found version "1.1.1f")  
[2.417s] -- Found FastRTPS: /opt/ros/foxy/include  
[3.536s] -- Using all available rosidl_typesupport_cpp: rosidl_typesupport_fastrtps_cpp;rosidl_typesupport_introspection_cpp
[3.566s] -- Found PythonInterp: /usr/bin/python3 (found version "3.8.10") 
[3.634s] CMake Error at /opt/ros/foxy/share/rosidl_cmake/cmake/rosidl_generate_interfaces.cmake:229 (message):
[3.634s]   Packages installing interfaces must include
[3.634s]   '<member_of_group>rosidl_interface_packages</member_of_group>' in their
[3.634s]   package.xml
[3.634s] Call Stack (most recent call first):
[3.634s]   CMakeLists.txt:24 (rosidl_generate_interfaces)
[3.634s] 
[3.634s] 
[3.635s] -- Configuring incomplete, errors occurred!
[3.635s] See also "/home/ryota/ros2_ws/build/person_msgs/CMakeFiles/CMakeOutput.log".
[3.640s] Invoked command in '/home/ryota/ros2_ws/build/person_msgs' returned '1': CMAKE_PREFIX_PATH=/opt/ros/foxy /usr/bin/cmake /home/ryota/ros2_ws/src/person_msgs -DCMAKE_INSTALL_PREFIX=/home/ryota/ros2_ws/install/person_msgs
