[0.250s] Invoking command in '/home/ryota/ros2_ws/build/person_msgs': CMAKE_PREFIX_PATH=/opt/ros/foxy /usr/bin/cmake /home/ryota/ros2_ws/src/person_msgs -DCMAKE_INSTALL_PREFIX=/home/ryota/ros2_ws/install/person_msgs
[0.609s] -- The C compiler identification is GNU 9.4.0
[0.935s] -- The CXX compiler identification is GNU 9.4.0
[1.069s] -- Check for working C compiler: /usr/bin/cc
[1.204s] -- Check for working C compiler: /usr/bin/cc -- works
[1.205s] -- Detecting C compiler ABI info
[1.329s] -- Detecting C compiler ABI info - done
[1.337s] -- Detecting C compile features
[1.337s] -- Detecting C compile features - done
[1.340s] -- Check for working CXX compiler: /usr/bin/c++
[1.467s] -- Check for working CXX compiler: /usr/bin/c++ -- works
[1.468s] -- Detecting CXX compiler ABI info
[1.576s] -- Detecting CXX compiler ABI info - done
[1.584s] -- Detecting CXX compile features
[1.584s] -- Detecting CXX compile features - done
[1.589s] -- Found ament_cmake: 0.9.12 (/opt/ros/foxy/share/ament_cmake/cmake)
[1.611s] -- Found PythonInterp: /usr/bin/python3 (found suitable version "3.8.10", minimum required is "3") 
[1.611s] -- Using PYTHON_EXECUTABLE: /usr/bin/python3
[1.757s] -- Found rosidl_default_generators: 1.0.1 (/opt/ros/foxy/share/rosidl_default_generators/cmake)
[1.762s] -- Using all available rosidl_typesupport_c: rosidl_typesupport_fastrtps_c;rosidl_typesupport_introspection_c
[1.770s] -- Found rosidl_adapter: 1.3.1 (/opt/ros/foxy/share/rosidl_adapter/cmake)
[2.708s] -- Found OpenSSL: /usr/lib/x86_64-linux-gnu/libcrypto.so (found version "1.1.1f")  
[3.476s] -- Found FastRTPS: /opt/ros/foxy/include  
[4.767s] -- Using all available rosidl_typesupport_cpp: rosidl_typesupport_fastrtps_cpp;rosidl_typesupport_introspection_cpp
[4.806s] -- Found PythonInterp: /usr/bin/python3 (found version "3.8.10") 
[5.015s] CMake Error at /opt/ros/foxy/share/rosidl_adapter/cmake/rosidl_adapt_interfaces.cmake:60 (message):
[5.015s]   execute_process(/usr/bin/python3 -m rosidl_adapter --package-name
[5.015s]   person_msgs --arguments-file
[5.015s]   /home/ryota/ros2_ws/build/person_msgs/rosidl_adapter__arguments__person_msgs.json
[5.015s]   --output-dir
[5.015s]   /home/ryota/ros2_ws/build/person_msgs/rosidl_adapter/person_msgs
[5.015s]   --output-file
[5.015s]   /home/ryota/ros2_ws/build/person_msgs/rosidl_adapter/person_msgs.idls)
[5.015s]   returned error code 1:
[5.015s] 
[5.015s]   Error processing 'unit8 age' of 'person_msgs/Person': ''unit8' is an
[5.016s]   invalid message name.  It should have the pattern '^[A-Z][A-Za-z0-9]*$''
[5.016s] 
[5.016s]   Traceback (most recent call last):
[5.016s] 
[5.016s]     File "/usr/lib/python3.8/runpy.py", line 194, in _run_module_as_main
[5.016s]       return _run_code(code, main_globals, None,
[5.016s]     File "/usr/lib/python3.8/runpy.py", line 87, in _run_code
[5.016s]       exec(code, run_globals)
[5.016s]     File "/opt/ros/foxy/lib/python3.8/site-packages/rosidl_adapter/__main__.py", line 19, in <module>
[5.016s]       sys.exit(main())
[5.017s]     File "/opt/ros/foxy/lib/python3.8/site-packages/rosidl_adapter/main.py", line 53, in main
[5.017s]       abs_idl_file = convert_to_idl(
[5.017s]     File "/opt/ros/foxy/lib/python3.8/site-packages/rosidl_adapter/__init__.py", line 19, in convert_to_idl
[5.017s]       return convert_msg_to_idl(
[5.017s]     File "/opt/ros/foxy/lib/python3.8/site-packages/rosidl_adapter/msg/__init__.py", line 28, in convert_msg_to_idl
[5.017s]       msg = parse_message_string(package_name, input_file.stem, content)
[5.017s]     File "/opt/ros/foxy/lib/python3.8/site-packages/rosidl_adapter/parser.py", line 516, in parse_message_string
[5.017s]       Type(type_string, context_package_name=pkg_name),
[5.017s]     File "/opt/ros/foxy/lib/python3.8/site-packages/rosidl_adapter/parser.py", line 276, in __init__
[5.017s]       super(Type, self).__init__(
[5.017s]     File "/opt/ros/foxy/lib/python3.8/site-packages/rosidl_adapter/parser.py", line 204, in __init__
[5.017s]       raise InvalidResourceName(
[5.017s] 
[5.017s]   rosidl_adapter.parser.InvalidResourceName: 'unit8' is an invalid message
[5.017s]   name.  It should have the pattern '^[A-Z][A-Za-z0-9]*$'
[5.017s] 
[5.017s] Call Stack (most recent call first):
[5.017s]   /opt/ros/foxy/share/rosidl_cmake/cmake/rosidl_generate_interfaces.cmake:130 (rosidl_adapt_interfaces)
[5.017s]   CMakeLists.txt:24 (rosidl_generate_interfaces)
[5.017s] 
[5.017s] 
[5.018s] -- Configuring incomplete, errors occurred!
[5.018s] See also "/home/ryota/ros2_ws/build/person_msgs/CMakeFiles/CMakeOutput.log".
[5.021s] Invoked command in '/home/ryota/ros2_ws/build/person_msgs' returned '1': CMAKE_PREFIX_PATH=/opt/ros/foxy /usr/bin/cmake /home/ryota/ros2_ws/src/person_msgs -DCMAKE_INSTALL_PREFIX=/home/ryota/ros2_ws/install/person_msgs
