[0.630s] Invoking command in '/home/ryota/ros2_ws/src/mypkg': PYTHONPATH=/home/ryota/ros2_ws/build/mypkg/prefix_override:/home/ryota/ros2_ws/install/mypkg/lib/python3.8/site-packages:${PYTHONPATH} /usr/bin/python3 setup.py egg_info --egg-base ../../build/mypkg build --build-base /home/ryota/ros2_ws/build/mypkg/build install --record /home/ryota/ros2_ws/build/mypkg/install.log --install-scripts $base/lib/mypkg --single-version-externally-managed
[0.756s] running egg_info
[0.756s] writing ../../build/mypkg/mypkg.egg-info/PKG-INFO
[0.756s] writing dependency_links to ../../build/mypkg/mypkg.egg-info/dependency_links.txt
[0.757s] writing entry points to ../../build/mypkg/mypkg.egg-info/entry_points.txt
[0.757s] writing requirements to ../../build/mypkg/mypkg.egg-info/requires.txt
[0.757s] writing top-level names to ../../build/mypkg/mypkg.egg-info/top_level.txt
[0.778s] reading manifest file '../../build/mypkg/mypkg.egg-info/SOURCES.txt'
[0.778s] writing manifest file '../../build/mypkg/mypkg.egg-info/SOURCES.txt'
[0.779s] running build
[0.779s] running build_py
[0.779s] copying mypkg/listener.py -> /home/ryota/ros2_ws/build/mypkg/build/lib/mypkg
[0.779s] running install
[0.779s] running install_lib
[0.780s] copying /home/ryota/ros2_ws/build/mypkg/build/lib/mypkg/listener.py -> /home/ryota/ros2_ws/install/mypkg/lib/python3.8/site-packages/mypkg
[0.780s] byte-compiling /home/ryota/ros2_ws/install/mypkg/lib/python3.8/site-packages/mypkg/listener.py to listener.cpython-38.pyc
[0.783s] running install_data
[0.783s] running install_egg_info
[0.784s] removing '/home/ryota/ros2_ws/install/mypkg/lib/python3.8/site-packages/mypkg-0.0.0-py3.8.egg-info' (and everything under it)
[0.784s] Copying ../../build/mypkg/mypkg.egg-info to /home/ryota/ros2_ws/install/mypkg/lib/python3.8/site-packages/mypkg-0.0.0-py3.8.egg-info
[0.784s] running install_scripts
[0.794s] Installing listener script to /home/ryota/ros2_ws/install/mypkg/lib/mypkg
[0.795s] Installing talker script to /home/ryota/ros2_ws/install/mypkg/lib/mypkg
[0.795s] writing list of installed files to '/home/ryota/ros2_ws/build/mypkg/install.log'
[0.809s] Invoked command in '/home/ryota/ros2_ws/src/mypkg' returned '0': PYTHONPATH=/home/ryota/ros2_ws/build/mypkg/prefix_override:/home/ryota/ros2_ws/install/mypkg/lib/python3.8/site-packages:${PYTHONPATH} /usr/bin/python3 setup.py egg_info --egg-base ../../build/mypkg build --build-base /home/ryota/ros2_ws/build/mypkg/build install --record /home/ryota/ros2_ws/build/mypkg/install.log --install-scripts $base/lib/mypkg --single-version-externally-managed
