[0.529s] Invoking command in '/home/ryota/ros2_ws/src/mypkg': PYTHONPATH=/home/ryota/ros2_ws/build/mypkg/prefix_override:/home/ryota/ros2_ws/install/mypkg/lib/python3.8/site-packages:${PYTHONPATH} /usr/bin/python3 setup.py egg_info --egg-base ../../build/mypkg build --build-base /home/ryota/ros2_ws/build/mypkg/build install --record /home/ryota/ros2_ws/build/mypkg/install.log --install-scripts $base/lib/mypkg --single-version-externally-managed
[0.647s] running egg_info
[0.647s] writing ../../build/mypkg/mypkg.egg-info/PKG-INFO
[0.648s] writing dependency_links to ../../build/mypkg/mypkg.egg-info/dependency_links.txt
[0.648s] writing entry points to ../../build/mypkg/mypkg.egg-info/entry_points.txt
[0.649s] writing requirements to ../../build/mypkg/mypkg.egg-info/requires.txt
[0.649s] writing top-level names to ../../build/mypkg/mypkg.egg-info/top_level.txt
[0.675s] reading manifest file '../../build/mypkg/mypkg.egg-info/SOURCES.txt'
[0.676s] writing manifest file '../../build/mypkg/mypkg.egg-info/SOURCES.txt'
[0.676s] running build
[0.676s] running build_py
[0.677s] running install
[0.677s] running install_lib
[0.678s] running install_data
[0.679s] running install_egg_info
[0.680s] removing '/home/ryota/ros2_ws/install/mypkg/lib/python3.8/site-packages/mypkg-0.0.0-py3.8.egg-info' (and everything under it)
[0.680s] Copying ../../build/mypkg/mypkg.egg-info to /home/ryota/ros2_ws/install/mypkg/lib/python3.8/site-packages/mypkg-0.0.0-py3.8.egg-info
[0.681s] running install_scripts
[0.692s] Installing listener script to /home/ryota/ros2_ws/install/mypkg/lib/mypkg
[0.692s] Installing talker script to /home/ryota/ros2_ws/install/mypkg/lib/mypkg
[0.692s] writing list of installed files to '/home/ryota/ros2_ws/build/mypkg/install.log'
[0.706s] Invoked command in '/home/ryota/ros2_ws/src/mypkg' returned '0': PYTHONPATH=/home/ryota/ros2_ws/build/mypkg/prefix_override:/home/ryota/ros2_ws/install/mypkg/lib/python3.8/site-packages:${PYTHONPATH} /usr/bin/python3 setup.py egg_info --egg-base ../../build/mypkg build --build-base /home/ryota/ros2_ws/build/mypkg/build install --record /home/ryota/ros2_ws/build/mypkg/install.log --install-scripts $base/lib/mypkg --single-version-externally-managed
