[1.217s] DEBUG:colcon:Command line arguments: ['/usr/bin/colcon', 'build']
[1.218s] DEBUG:colcon:Parsed command line arguments: Namespace(allow_overriding=[], ament_cmake_args=None, base_paths=['.'], build_base='build', catkin_cmake_args=None, catkin_skip_building_tests=False, cmake_args=None, cmake_clean_cache=False, cmake_clean_first=False, cmake_force_configure=False, cmake_target=None, cmake_target_skip_unavailable=False, continue_on_error=False, event_handlers=None, executor='parallel', ignore_user_meta=False, install_base='install', log_base=None, log_level=None, main=<bound method BuildVerb.main of <colcon_core.verb.build.BuildVerb object at 0x7fcdaf88d340>>, merge_install=False, metas=['./colcon.meta'], packages_above=None, packages_above_and_dependencies=None, packages_above_depth=None, packages_end=None, packages_ignore=None, packages_ignore_regex=None, packages_select=None, packages_select_build_failed=False, packages_select_by_dep=None, packages_select_regex=None, packages_select_test_failures=False, packages_skip=None, packages_skip_build_finished=False, packages_skip_by_dep=None, packages_skip_regex=None, packages_skip_test_passed=False, packages_skip_up_to=None, packages_start=None, packages_up_to=None, packages_up_to_regex=None, parallel_workers=16, paths=None, symlink_install=False, test_result_base=None, verb_extension=<colcon_core.verb.build.BuildVerb object at 0x7fcdaf88d340>, verb_name='build', verb_parser=<colcon_defaults.argument_parser.defaults.DefaultArgumentsDecorator object at 0x7fcdaf4737c0>)
[1.275s] Level 1:colcon.colcon_core.package_discovery:discover_packages(colcon_meta) check parameters
[1.275s] Level 1:colcon.colcon_core.package_discovery:discover_packages(recursive) check parameters
[1.275s] Level 1:colcon.colcon_core.package_discovery:discover_packages(ignore) check parameters
[1.275s] Level 1:colcon.colcon_core.package_discovery:discover_packages(path) check parameters
[1.275s] Level 1:colcon.colcon_core.package_discovery:discover_packages(colcon_meta) discover
[1.275s] Level 1:colcon.colcon_core.package_discovery:discover_packages(recursive) discover
[1.275s] INFO:colcon.colcon_core.package_discovery:Crawling recursively for packages in '/home/ryota/ros2_ws'
[1.275s] Level 1:colcon.colcon_core.package_identification:_identify(.) by extensions ['ignore', 'ignore_ament_install']
[1.275s] Level 1:colcon.colcon_core.package_identification:_identify(.) by extension 'ignore'
[1.275s] Level 1:colcon.colcon_core.package_identification:_identify(.) by extension 'ignore_ament_install'
[1.275s] Level 1:colcon.colcon_core.package_identification:_identify(.) by extensions ['colcon_pkg']
[1.275s] Level 1:colcon.colcon_core.package_identification:_identify(.) by extension 'colcon_pkg'
[1.275s] Level 1:colcon.colcon_core.package_identification:_identify(.) by extensions ['colcon_meta']
[1.275s] Level 1:colcon.colcon_core.package_identification:_identify(.) by extension 'colcon_meta'
[1.275s] Level 1:colcon.colcon_core.package_identification:_identify(.) by extensions ['ros']
[1.275s] Level 1:colcon.colcon_core.package_identification:_identify(.) by extension 'ros'
[1.282s] Level 1:colcon.colcon_core.package_identification:_identify(.) by extensions ['cmake', 'python']
[1.282s] Level 1:colcon.colcon_core.package_identification:_identify(.) by extension 'cmake'
[1.282s] Level 1:colcon.colcon_core.package_identification:_identify(.) by extension 'python'
[1.282s] Level 1:colcon.colcon_core.package_identification:_identify(.) by extensions ['python_setup_py']
[1.282s] Level 1:colcon.colcon_core.package_identification:_identify(.) by extension 'python_setup_py'
[1.282s] Level 1:colcon.colcon_core.package_identification:_identify(build) by extensions ['ignore', 'ignore_ament_install']
[1.282s] Level 1:colcon.colcon_core.package_identification:_identify(build) by extension 'ignore'
[1.283s] Level 1:colcon.colcon_core.package_identification:_identify(build) ignored
[1.283s] Level 1:colcon.colcon_core.package_identification:_identify(install) by extensions ['ignore', 'ignore_ament_install']
[1.283s] Level 1:colcon.colcon_core.package_identification:_identify(install) by extension 'ignore'
[1.283s] Level 1:colcon.colcon_core.package_identification:_identify(install) ignored
[1.283s] Level 1:colcon.colcon_core.package_identification:_identify(log) by extensions ['ignore', 'ignore_ament_install']
[1.283s] Level 1:colcon.colcon_core.package_identification:_identify(log) by extension 'ignore'
[1.283s] Level 1:colcon.colcon_core.package_identification:_identify(log) ignored
[1.283s] Level 1:colcon.colcon_core.package_identification:_identify(src) by extensions ['ignore', 'ignore_ament_install']
[1.283s] Level 1:colcon.colcon_core.package_identification:_identify(src) by extension 'ignore'
[1.283s] Level 1:colcon.colcon_core.package_identification:_identify(src) by extension 'ignore_ament_install'
[1.283s] Level 1:colcon.colcon_core.package_identification:_identify(src) by extensions ['colcon_pkg']
[1.283s] Level 1:colcon.colcon_core.package_identification:_identify(src) by extension 'colcon_pkg'
[1.283s] Level 1:colcon.colcon_core.package_identification:_identify(src) by extensions ['colcon_meta']
[1.283s] Level 1:colcon.colcon_core.package_identification:_identify(src) by extension 'colcon_meta'
[1.283s] Level 1:colcon.colcon_core.package_identification:_identify(src) by extensions ['ros']
[1.283s] Level 1:colcon.colcon_core.package_identification:_identify(src) by extension 'ros'
[1.283s] Level 1:colcon.colcon_core.package_identification:_identify(src) by extensions ['cmake', 'python']
[1.283s] Level 1:colcon.colcon_core.package_identification:_identify(src) by extension 'cmake'
[1.283s] Level 1:colcon.colcon_core.package_identification:_identify(src) by extension 'python'
[1.283s] Level 1:colcon.colcon_core.package_identification:_identify(src) by extensions ['python_setup_py']
[1.283s] Level 1:colcon.colcon_core.package_identification:_identify(src) by extension 'python_setup_py'
[1.283s] Level 1:colcon.colcon_core.package_identification:_identify(src/mypkg) by extensions ['ignore', 'ignore_ament_install']
[1.283s] Level 1:colcon.colcon_core.package_identification:_identify(src/mypkg) by extension 'ignore'
[1.283s] Level 1:colcon.colcon_core.package_identification:_identify(src/mypkg) by extension 'ignore_ament_install'
[1.283s] Level 1:colcon.colcon_core.package_identification:_identify(src/mypkg) by extensions ['colcon_pkg']
[1.283s] Level 1:colcon.colcon_core.package_identification:_identify(src/mypkg) by extension 'colcon_pkg'
[1.283s] Level 1:colcon.colcon_core.package_identification:_identify(src/mypkg) by extensions ['colcon_meta']
[1.283s] Level 1:colcon.colcon_core.package_identification:_identify(src/mypkg) by extension 'colcon_meta'
[1.284s] Level 1:colcon.colcon_core.package_identification:_identify(src/mypkg) by extensions ['ros']
[1.284s] Level 1:colcon.colcon_core.package_identification:_identify(src/mypkg) by extension 'ros'
[1.284s] DEBUG:colcon.colcon_core.package_identification:Failed to parse potential ROS package manifest in'src/mypkg': Error(s) in package 'src/mypkg/package.xml':
The manifest contains invalid XML:
mismatched tag: line 17, column 31
[1.284s] Level 1:colcon.colcon_core.package_identification:_identify(src/mypkg) by extensions ['cmake', 'python']
[1.284s] Level 1:colcon.colcon_core.package_identification:_identify(src/mypkg) by extension 'cmake'
[1.284s] Level 1:colcon.colcon_core.package_identification:_identify(src/mypkg) by extension 'python'
[1.284s] DEBUG:colcon.colcon_core.package_identification:Python package in 'src/mypkg' passes arguments to the setup() function which requires a different identification extension than 'python'
[1.284s] Level 1:colcon.colcon_core.package_identification:_identify(src/mypkg) by extensions ['python_setup_py']
[1.284s] Level 1:colcon.colcon_core.package_identification:_identify(src/mypkg) by extension 'python_setup_py'
[1.409s] DEBUG:colcon.colcon_core.package_identification:Package 'src/mypkg' with type 'python' and name 'mypkg'
[1.409s] Level 1:colcon.colcon_core.package_identification:_identify(src/person_msgs) by extensions ['ignore', 'ignore_ament_install']
[1.409s] Level 1:colcon.colcon_core.package_identification:_identify(src/person_msgs) by extension 'ignore'
[1.409s] Level 1:colcon.colcon_core.package_identification:_identify(src/person_msgs) by extension 'ignore_ament_install'
[1.410s] Level 1:colcon.colcon_core.package_identification:_identify(src/person_msgs) by extensions ['colcon_pkg']
[1.410s] Level 1:colcon.colcon_core.package_identification:_identify(src/person_msgs) by extension 'colcon_pkg'
[1.410s] Level 1:colcon.colcon_core.package_identification:_identify(src/person_msgs) by extensions ['colcon_meta']
[1.410s] Level 1:colcon.colcon_core.package_identification:_identify(src/person_msgs) by extension 'colcon_meta'
[1.410s] Level 1:colcon.colcon_core.package_identification:_identify(src/person_msgs) by extensions ['ros']
[1.410s] Level 1:colcon.colcon_core.package_identification:_identify(src/person_msgs) by extension 'ros'
[1.411s] DEBUG:colcon.colcon_core.package_identification:Package 'src/person_msgs' with type 'ros.ament_cmake' and name 'person_msgs'
[1.411s] Level 1:colcon.colcon_core.package_discovery:discover_packages(recursive) using defaults
[1.411s] Level 1:colcon.colcon_core.package_discovery:discover_packages(ignore) discover
[1.411s] Level 1:colcon.colcon_core.package_discovery:discover_packages(ignore) using defaults
[1.411s] Level 1:colcon.colcon_core.package_discovery:discover_packages(path) discover
[1.411s] Level 1:colcon.colcon_core.package_discovery:discover_packages(path) using defaults
[1.522s] Level 1:colcon.colcon_core.package_discovery:discover_packages(prefix_path) check parameters
[1.522s] Level 1:colcon.colcon_core.package_discovery:discover_packages(prefix_path) discover
[1.563s] DEBUG:colcon.colcon_installed_package_information.package_discovery:Found 2 installed packages in /home/ryota/ros2_ws/install
[1.582s] DEBUG:colcon.colcon_installed_package_information.package_discovery:Found 256 installed packages in /opt/ros/foxy
[1.583s] Level 1:colcon.colcon_core.package_discovery:discover_packages(prefix_path) using defaults
[1.675s] Level 5:colcon.colcon_core.verb:set package 'mypkg' build argument 'cmake_args' from command line to 'None'
[1.675s] Level 5:colcon.colcon_core.verb:set package 'mypkg' build argument 'cmake_target' from command line to 'None'
[1.675s] Level 5:colcon.colcon_core.verb:set package 'mypkg' build argument 'cmake_target_skip_unavailable' from command line to 'False'
[1.675s] Level 5:colcon.colcon_core.verb:set package 'mypkg' build argument 'cmake_clean_cache' from command line to 'False'
[1.675s] Level 5:colcon.colcon_core.verb:set package 'mypkg' build argument 'cmake_clean_first' from command line to 'False'
[1.675s] Level 5:colcon.colcon_core.verb:set package 'mypkg' build argument 'cmake_force_configure' from command line to 'False'
[1.675s] Level 5:colcon.colcon_core.verb:set package 'mypkg' build argument 'ament_cmake_args' from command line to 'None'
[1.675s] Level 5:colcon.colcon_core.verb:set package 'mypkg' build argument 'catkin_cmake_args' from command line to 'None'
[1.675s] Level 5:colcon.colcon_core.verb:set package 'mypkg' build argument 'catkin_skip_building_tests' from command line to 'False'
[1.675s] DEBUG:colcon.colcon_core.verb:Building package 'mypkg' with the following arguments: {'ament_cmake_args': None, 'build_base': '/home/ryota/ros2_ws/build/mypkg', 'catkin_cmake_args': None, 'catkin_skip_building_tests': False, 'cmake_args': None, 'cmake_clean_cache': False, 'cmake_clean_first': False, 'cmake_force_configure': False, 'cmake_target': None, 'cmake_target_skip_unavailable': False, 'install_base': '/home/ryota/ros2_ws/install/mypkg', 'merge_install': False, 'path': '/home/ryota/ros2_ws/src/mypkg', 'symlink_install': False, 'test_result_base': None}
[1.697s] Level 5:colcon.colcon_core.verb:set package 'person_msgs' build argument 'cmake_args' from command line to 'None'
[1.697s] Level 5:colcon.colcon_core.verb:set package 'person_msgs' build argument 'cmake_target' from command line to 'None'
[1.697s] Level 5:colcon.colcon_core.verb:set package 'person_msgs' build argument 'cmake_target_skip_unavailable' from command line to 'False'
[1.697s] Level 5:colcon.colcon_core.verb:set package 'person_msgs' build argument 'cmake_clean_cache' from command line to 'False'
[1.697s] Level 5:colcon.colcon_core.verb:set package 'person_msgs' build argument 'cmake_clean_first' from command line to 'False'
[1.697s] Level 5:colcon.colcon_core.verb:set package 'person_msgs' build argument 'cmake_force_configure' from command line to 'False'
[1.697s] Level 5:colcon.colcon_core.verb:set package 'person_msgs' build argument 'ament_cmake_args' from command line to 'None'
[1.697s] Level 5:colcon.colcon_core.verb:set package 'person_msgs' build argument 'catkin_cmake_args' from command line to 'None'
[1.697s] Level 5:colcon.colcon_core.verb:set package 'person_msgs' build argument 'catkin_skip_building_tests' from command line to 'False'
[1.697s] DEBUG:colcon.colcon_core.verb:Building package 'person_msgs' with the following arguments: {'ament_cmake_args': None, 'build_base': '/home/ryota/ros2_ws/build/person_msgs', 'catkin_cmake_args': None, 'catkin_skip_building_tests': False, 'cmake_args': None, 'cmake_clean_cache': False, 'cmake_clean_first': False, 'cmake_force_configure': False, 'cmake_target': None, 'cmake_target_skip_unavailable': False, 'install_base': '/home/ryota/ros2_ws/install/person_msgs', 'merge_install': False, 'path': '/home/ryota/ros2_ws/src/person_msgs', 'symlink_install': False, 'test_result_base': None}
[1.716s] INFO:colcon.colcon_core.executor:Executing jobs using 'parallel' executor
[1.738s] DEBUG:colcon.colcon_parallel_executor.executor.parallel:run_until_complete
[1.738s] INFO:colcon.colcon_core.task.python.build:Building Python package in '/home/ryota/ros2_ws/src/mypkg'
[1.759s] INFO:colcon.colcon_core.plugin_system:Skipping extension 'colcon_core.shell.bat': Not used on non-Windows systems
[1.759s] INFO:colcon.colcon_core.shell:Skip shell extension 'powershell' for command environment: Not usable outside of PowerShell
[1.759s] DEBUG:colcon.colcon_core.shell:Skip shell extension 'dsv' for command environment
[1.822s] INFO:colcon.colcon_ros.task.ament_cmake.build:Building ROS package in '/home/ryota/ros2_ws/src/person_msgs' with build type 'ament_cmake'
[1.822s] INFO:colcon.colcon_cmake.task.cmake.build:Building CMake package in '/home/ryota/ros2_ws/src/person_msgs'
[1.844s] INFO:colcon.colcon_core.shell:Skip shell extension 'powershell' for command environment: Not usable outside of PowerShell
[1.844s] DEBUG:colcon.colcon_core.shell:Skip shell extension 'dsv' for command environment
[2.045s] DEBUG:colcon.colcon_core.event_handler.log_command:Invoking command in '/home/ryota/ros2_ws/build/person_msgs': CMAKE_PREFIX_PATH=/opt/ros/foxy /usr/bin/cmake /home/ryota/ros2_ws/src/person_msgs -DCMAKE_INSTALL_PREFIX=/home/ryota/ros2_ws/install/person_msgs
[2.303s] DEBUG:colcon.colcon_core.event_handler.log_command:Invoking command in '/home/ryota/ros2_ws/src/mypkg': PYTHONPATH=/home/ryota/ros2_ws/build/mypkg/prefix_override:/home/ryota/ros2_ws/install/mypkg/lib/python3.8/site-packages:${PYTHONPATH} /usr/bin/python3 setup.py egg_info --egg-base ../../build/mypkg build --build-base /home/ryota/ros2_ws/build/mypkg/build install --record /home/ryota/ros2_ws/build/mypkg/install.log --install-scripts $base/lib/mypkg --single-version-externally-managed
[2.484s] DEBUG:colcon.colcon_core.event_handler.log_command:Invoked command in '/home/ryota/ros2_ws/src/mypkg' returned '0': PYTHONPATH=/home/ryota/ros2_ws/build/mypkg/prefix_override:/home/ryota/ros2_ws/install/mypkg/lib/python3.8/site-packages:${PYTHONPATH} /usr/bin/python3 setup.py egg_info --egg-base ../../build/mypkg build --build-base /home/ryota/ros2_ws/build/mypkg/build install --record /home/ryota/ros2_ws/build/mypkg/install.log --install-scripts $base/lib/mypkg --single-version-externally-managed
[2.507s] Level 1:colcon.colcon_core.environment:checking '/home/ryota/ros2_ws/install/mypkg' for CMake module files
[2.508s] Level 1:colcon.colcon_core.environment:checking '/home/ryota/ros2_ws/install/mypkg' for CMake config files
[2.508s] Level 1:colcon.colcon_core.environment:checking '/home/ryota/ros2_ws/install/mypkg/lib'
[2.508s] Level 1:colcon.colcon_core.environment:checking '/home/ryota/ros2_ws/install/mypkg/bin'
[2.508s] Level 1:colcon.colcon_core.environment:checking '/home/ryota/ros2_ws/install/mypkg/lib/pkgconfig/mypkg.pc'
[2.509s] Level 1:colcon.colcon_core.environment:checking '/home/ryota/ros2_ws/install/mypkg/lib/python3.8/site-packages'
[2.509s] Level 1:colcon.colcon_core.shell:create_environment_hook('mypkg', 'pythonpath')
[2.529s] INFO:colcon.colcon_core.shell:Creating environment hook '/home/ryota/ros2_ws/install/mypkg/share/mypkg/hook/pythonpath.ps1'
[2.530s] INFO:colcon.colcon_core.shell:Creating environment descriptor '/home/ryota/ros2_ws/install/mypkg/share/mypkg/hook/pythonpath.dsv'
[2.530s] INFO:colcon.colcon_core.shell:Creating environment hook '/home/ryota/ros2_ws/install/mypkg/share/mypkg/hook/pythonpath.sh'
[2.530s] Level 1:colcon.colcon_core.environment:checking '/home/ryota/ros2_ws/install/mypkg/bin'
[2.531s] Level 1:colcon.colcon_core.environment:create_environment_scripts_only(mypkg)
[2.552s] INFO:colcon.colcon_core.shell:Creating package script '/home/ryota/ros2_ws/install/mypkg/share/mypkg/package.ps1'
[2.552s] INFO:colcon.colcon_core.shell:Creating package descriptor '/home/ryota/ros2_ws/install/mypkg/share/mypkg/package.dsv'
[2.553s] INFO:colcon.colcon_core.shell:Creating package script '/home/ryota/ros2_ws/install/mypkg/share/mypkg/package.sh'
[2.553s] INFO:colcon.colcon_core.shell:Creating package script '/home/ryota/ros2_ws/install/mypkg/share/mypkg/package.bash'
[2.554s] INFO:colcon.colcon_core.shell:Creating package script '/home/ryota/ros2_ws/install/mypkg/share/mypkg/package.zsh'
[2.554s] Level 1:colcon.colcon_core.environment:create_file_with_runtime_dependencies(/home/ryota/ros2_ws/install/mypkg/share/colcon-core/packages/mypkg)
[7.224s] DEBUG:colcon.colcon_core.event_handler.log_command:Invoked command in '/home/ryota/ros2_ws/build/person_msgs' returned '0': CMAKE_PREFIX_PATH=/opt/ros/foxy /usr/bin/cmake /home/ryota/ros2_ws/src/person_msgs -DCMAKE_INSTALL_PREFIX=/home/ryota/ros2_ws/install/person_msgs
[7.226s] DEBUG:colcon.colcon_core.event_handler.log_command:Invoking command in '/home/ryota/ros2_ws/build/person_msgs': CMAKE_PREFIX_PATH=/opt/ros/foxy /usr/bin/cmake --build /home/ryota/ros2_ws/build/person_msgs -- -j16 -l16
[9.171s] DEBUG:colcon.colcon_core.event_handler.log_command:Invoked command in '/home/ryota/ros2_ws/build/person_msgs' returned '0': CMAKE_PREFIX_PATH=/opt/ros/foxy /usr/bin/cmake --build /home/ryota/ros2_ws/build/person_msgs -- -j16 -l16
[9.209s] DEBUG:colcon.colcon_core.event_handler.log_command:Invoking command in '/home/ryota/ros2_ws/build/person_msgs': CMAKE_PREFIX_PATH=/opt/ros/foxy /usr/bin/cmake --install /home/ryota/ros2_ws/build/person_msgs
[9.249s] Level 1:colcon.colcon_core.environment:create_environment_scripts_only(person_msgs)
[9.249s] DEBUG:colcon.colcon_core.event_handler.log_command:Invoked command in '/home/ryota/ros2_ws/build/person_msgs' returned '0': CMAKE_PREFIX_PATH=/opt/ros/foxy /usr/bin/cmake --install /home/ryota/ros2_ws/build/person_msgs
[9.272s] Level 1:colcon.colcon_core.environment:checking '/home/ryota/ros2_ws/install/person_msgs' for CMake module files
[9.272s] Level 1:colcon.colcon_core.environment:checking '/home/ryota/ros2_ws/install/person_msgs' for CMake config files
[9.272s] Level 1:colcon.colcon_core.shell:create_environment_hook('person_msgs', 'cmake_prefix_path')
[9.292s] INFO:colcon.colcon_core.shell:Creating environment hook '/home/ryota/ros2_ws/install/person_msgs/share/person_msgs/hook/cmake_prefix_path.ps1'
[9.292s] INFO:colcon.colcon_core.shell:Creating environment descriptor '/home/ryota/ros2_ws/install/person_msgs/share/person_msgs/hook/cmake_prefix_path.dsv'
[9.292s] INFO:colcon.colcon_core.shell:Creating environment hook '/home/ryota/ros2_ws/install/person_msgs/share/person_msgs/hook/cmake_prefix_path.sh'
[9.293s] Level 1:colcon.colcon_core.environment:checking '/home/ryota/ros2_ws/install/person_msgs/lib'
[9.293s] Level 1:colcon.colcon_core.shell:create_environment_hook('person_msgs', 'ld_library_path_lib')
[9.313s] INFO:colcon.colcon_core.shell:Creating environment hook '/home/ryota/ros2_ws/install/person_msgs/share/person_msgs/hook/ld_library_path_lib.ps1'
[9.314s] INFO:colcon.colcon_core.shell:Creating environment descriptor '/home/ryota/ros2_ws/install/person_msgs/share/person_msgs/hook/ld_library_path_lib.dsv'
[9.314s] INFO:colcon.colcon_core.shell:Creating environment hook '/home/ryota/ros2_ws/install/person_msgs/share/person_msgs/hook/ld_library_path_lib.sh'
[9.314s] Level 1:colcon.colcon_core.environment:checking '/home/ryota/ros2_ws/install/person_msgs/bin'
[9.314s] Level 1:colcon.colcon_core.environment:checking '/home/ryota/ros2_ws/install/person_msgs/lib/pkgconfig/person_msgs.pc'
[9.314s] Level 1:colcon.colcon_core.environment:checking '/home/ryota/ros2_ws/install/person_msgs/lib/python3.8/site-packages'
[9.314s] Level 1:colcon.colcon_core.shell:create_environment_hook('person_msgs', 'pythonpath')
[9.334s] INFO:colcon.colcon_core.shell:Creating environment hook '/home/ryota/ros2_ws/install/person_msgs/share/person_msgs/hook/pythonpath.ps1'
[9.334s] INFO:colcon.colcon_core.shell:Creating environment descriptor '/home/ryota/ros2_ws/install/person_msgs/share/person_msgs/hook/pythonpath.dsv'
[9.334s] INFO:colcon.colcon_core.shell:Creating environment hook '/home/ryota/ros2_ws/install/person_msgs/share/person_msgs/hook/pythonpath.sh'
[9.335s] Level 1:colcon.colcon_core.environment:checking '/home/ryota/ros2_ws/install/person_msgs/bin'
[9.355s] INFO:colcon.colcon_core.shell:Creating package script '/home/ryota/ros2_ws/install/person_msgs/share/person_msgs/package.ps1'
[9.355s] INFO:colcon.colcon_core.shell:Creating package descriptor '/home/ryota/ros2_ws/install/person_msgs/share/person_msgs/package.dsv'
[9.355s] INFO:colcon.colcon_core.shell:Creating package script '/home/ryota/ros2_ws/install/person_msgs/share/person_msgs/package.sh'
[9.355s] INFO:colcon.colcon_core.shell:Creating package script '/home/ryota/ros2_ws/install/person_msgs/share/person_msgs/package.bash'
[9.356s] INFO:colcon.colcon_core.shell:Creating package script '/home/ryota/ros2_ws/install/person_msgs/share/person_msgs/package.zsh'
[9.356s] Level 1:colcon.colcon_core.environment:create_file_with_runtime_dependencies(/home/ryota/ros2_ws/install/person_msgs/share/colcon-core/packages/person_msgs)
[9.407s] Level 1:colcon.colcon_core.environment:create_environment_scripts_only(person_msgs)
[9.428s] Level 1:colcon.colcon_core.environment:checking '/home/ryota/ros2_ws/install/person_msgs' for CMake module files
[9.428s] Level 1:colcon.colcon_core.environment:checking '/home/ryota/ros2_ws/install/person_msgs' for CMake config files
[9.429s] Level 1:colcon.colcon_core.shell:create_environment_hook('person_msgs', 'cmake_prefix_path')
[9.448s] INFO:colcon.colcon_core.shell:Creating environment hook '/home/ryota/ros2_ws/install/person_msgs/share/person_msgs/hook/cmake_prefix_path.ps1'
[9.449s] INFO:colcon.colcon_core.shell:Creating environment descriptor '/home/ryota/ros2_ws/install/person_msgs/share/person_msgs/hook/cmake_prefix_path.dsv'
[9.449s] INFO:colcon.colcon_core.shell:Creating environment hook '/home/ryota/ros2_ws/install/person_msgs/share/person_msgs/hook/cmake_prefix_path.sh'
[9.449s] Level 1:colcon.colcon_core.environment:checking '/home/ryota/ros2_ws/install/person_msgs/lib'
[9.449s] Level 1:colcon.colcon_core.shell:create_environment_hook('person_msgs', 'ld_library_path_lib')
[9.470s] INFO:colcon.colcon_core.shell:Creating environment hook '/home/ryota/ros2_ws/install/person_msgs/share/person_msgs/hook/ld_library_path_lib.ps1'
[9.470s] INFO:colcon.colcon_core.shell:Creating environment descriptor '/home/ryota/ros2_ws/install/person_msgs/share/person_msgs/hook/ld_library_path_lib.dsv'
[9.471s] INFO:colcon.colcon_core.shell:Creating environment hook '/home/ryota/ros2_ws/install/person_msgs/share/person_msgs/hook/ld_library_path_lib.sh'
[9.471s] Level 1:colcon.colcon_core.environment:checking '/home/ryota/ros2_ws/install/person_msgs/bin'
[9.471s] Level 1:colcon.colcon_core.environment:checking '/home/ryota/ros2_ws/install/person_msgs/lib/pkgconfig/person_msgs.pc'
[9.471s] Level 1:colcon.colcon_core.environment:checking '/home/ryota/ros2_ws/install/person_msgs/lib/python3.8/site-packages'
[9.471s] Level 1:colcon.colcon_core.shell:create_environment_hook('person_msgs', 'pythonpath')
[9.492s] INFO:colcon.colcon_core.shell:Creating environment hook '/home/ryota/ros2_ws/install/person_msgs/share/person_msgs/hook/pythonpath.ps1'
[9.492s] INFO:colcon.colcon_core.shell:Creating environment descriptor '/home/ryota/ros2_ws/install/person_msgs/share/person_msgs/hook/pythonpath.dsv'
[9.492s] INFO:colcon.colcon_core.shell:Creating environment hook '/home/ryota/ros2_ws/install/person_msgs/share/person_msgs/hook/pythonpath.sh'
[9.493s] Level 1:colcon.colcon_core.environment:checking '/home/ryota/ros2_ws/install/person_msgs/bin'
[9.512s] INFO:colcon.colcon_core.shell:Creating package script '/home/ryota/ros2_ws/install/person_msgs/share/person_msgs/package.ps1'
[9.513s] INFO:colcon.colcon_core.shell:Creating package descriptor '/home/ryota/ros2_ws/install/person_msgs/share/person_msgs/package.dsv'
[9.513s] INFO:colcon.colcon_core.shell:Creating package script '/home/ryota/ros2_ws/install/person_msgs/share/person_msgs/package.sh'
[9.514s] INFO:colcon.colcon_core.shell:Creating package script '/home/ryota/ros2_ws/install/person_msgs/share/person_msgs/package.bash'
[9.514s] INFO:colcon.colcon_core.shell:Creating package script '/home/ryota/ros2_ws/install/person_msgs/share/person_msgs/package.zsh'
[9.514s] Level 1:colcon.colcon_core.environment:create_file_with_runtime_dependencies(/home/ryota/ros2_ws/install/person_msgs/share/colcon-core/packages/person_msgs)
[9.515s] DEBUG:colcon.colcon_parallel_executor.executor.parallel:closing loop
[9.515s] DEBUG:colcon.colcon_parallel_executor.executor.parallel:loop closed
[9.515s] DEBUG:colcon.colcon_parallel_executor.executor.parallel:run_until_complete finished with '0'
[9.515s] DEBUG:colcon.colcon_core.event_reactor:joining thread
[9.565s] INFO:colcon.colcon_core.plugin_system:Skipping extension 'colcon_notification.desktop_notification.notify_send': Could not find 'notify-send'
[9.565s] INFO:colcon.colcon_core.plugin_system:Skipping extension 'colcon_notification.desktop_notification.terminal_notifier': Not used on non-Darwin systems
[9.565s] INFO:colcon.colcon_core.plugin_system:Skipping extension 'colcon_notification.desktop_notification.win32': Not used on non-Windows systems
[9.565s] INFO:colcon.colcon_notification.desktop_notification:Sending desktop notification using 'notify2'
[9.569s] DEBUG:colcon.colcon_notification.desktop_notification.notify2:Failed to initialize notify2: org.freedesktop.DBus.Error.ServiceUnknown: The name org.freedesktop.Notifications was not provided by any .service files
[9.570s] DEBUG:colcon.colcon_core.event_reactor:joined thread
[9.591s] INFO:colcon.colcon_core.shell:Creating prefix script '/home/ryota/ros2_ws/install/local_setup.ps1'
[9.592s] INFO:colcon.colcon_core.shell:Creating prefix util module '/home/ryota/ros2_ws/install/_local_setup_util_ps1.py'
[9.593s] INFO:colcon.colcon_core.shell:Creating prefix chain script '/home/ryota/ros2_ws/install/setup.ps1'
[9.613s] INFO:colcon.colcon_core.shell:Creating prefix script '/home/ryota/ros2_ws/install/local_setup.sh'
[9.614s] INFO:colcon.colcon_core.shell:Creating prefix util module '/home/ryota/ros2_ws/install/_local_setup_util_sh.py'
[9.614s] INFO:colcon.colcon_core.shell:Creating prefix chain script '/home/ryota/ros2_ws/install/setup.sh'
[9.635s] INFO:colcon.colcon_core.shell:Creating prefix script '/home/ryota/ros2_ws/install/local_setup.bash'
[9.636s] INFO:colcon.colcon_core.shell:Creating prefix chain script '/home/ryota/ros2_ws/install/setup.bash'
[9.665s] INFO:colcon.colcon_core.shell:Creating prefix script '/home/ryota/ros2_ws/install/local_setup.zsh'
[9.666s] INFO:colcon.colcon_core.shell:Creating prefix chain script '/home/ryota/ros2_ws/install/setup.zsh'
