[0.732s] Invoking command in '/home/ryota/ros2_ws/src/mypkg': PYTHONPATH=/home/ryota/ros2_ws/build/mypkg/prefix_override:/home/ryota/ros2_ws/install/mypkg/lib/python3.8/site-packages:${PYTHONPATH} /usr/bin/python3 setup.py egg_info --egg-base ../../build/mypkg build --build-base /home/ryota/ros2_ws/build/mypkg/build install --record /home/ryota/ros2_ws/build/mypkg/install.log --install-scripts $base/lib/mypkg --single-version-externally-managed
[0.967s] running egg_info
[0.967s] creating ../../build/mypkg/mypkg.egg-info
[0.968s] writing ../../build/mypkg/mypkg.egg-info/PKG-INFO
[0.968s] writing dependency_links to ../../build/mypkg/mypkg.egg-info/dependency_links.txt
[0.968s] writing entry points to ../../build/mypkg/mypkg.egg-info/entry_points.txt
[0.968s] writing requirements to ../../build/mypkg/mypkg.egg-info/requires.txt
[0.969s] writing top-level names to ../../build/mypkg/mypkg.egg-info/top_level.txt
[0.970s] writing manifest file '../../build/mypkg/mypkg.egg-info/SOURCES.txt'
[1.007s] reading manifest file '../../build/mypkg/mypkg.egg-info/SOURCES.txt'
[1.008s] writing manifest file '../../build/mypkg/mypkg.egg-info/SOURCES.txt'
[1.008s] running build
[1.008s] running build_py
[1.009s] creating /home/ryota/ros2_ws/build/mypkg/build
[1.009s] creating /home/ryota/ros2_ws/build/mypkg/build/lib
[1.009s] creating /home/ryota/ros2_ws/build/mypkg/build/lib/mypkg
[1.010s] copying mypkg/talker.py -> /home/ryota/ros2_ws/build/mypkg/build/lib/mypkg
[1.010s] copying mypkg/listener.py -> /home/ryota/ros2_ws/build/mypkg/build/lib/mypkg
[1.010s] copying mypkg/__init__.py -> /home/ryota/ros2_ws/build/mypkg/build/lib/mypkg
[1.010s] running install
[1.011s] running install_lib
[1.012s] creating /home/ryota/ros2_ws/install/mypkg/lib/python3.8/site-packages/mypkg
[1.012s] copying /home/ryota/ros2_ws/build/mypkg/build/lib/mypkg/talker.py -> /home/ryota/ros2_ws/install/mypkg/lib/python3.8/site-packages/mypkg
[1.012s] copying /home/ryota/ros2_ws/build/mypkg/build/lib/mypkg/listener.py -> /home/ryota/ros2_ws/install/mypkg/lib/python3.8/site-packages/mypkg
[1.012s] copying /home/ryota/ros2_ws/build/mypkg/build/lib/mypkg/__init__.py -> /home/ryota/ros2_ws/install/mypkg/lib/python3.8/site-packages/mypkg
[1.013s] byte-compiling /home/ryota/ros2_ws/install/mypkg/lib/python3.8/site-packages/mypkg/talker.py to talker.cpython-38.pyc
[1.014s] byte-compiling /home/ryota/ros2_ws/install/mypkg/lib/python3.8/site-packages/mypkg/listener.py to listener.cpython-38.pyc
[1.015s] byte-compiling /home/ryota/ros2_ws/install/mypkg/lib/python3.8/site-packages/mypkg/__init__.py to __init__.cpython-38.pyc
[1.015s] running install_data
[1.016s] creating /home/ryota/ros2_ws/install/mypkg/share
[1.016s] creating /home/ryota/ros2_ws/install/mypkg/share/ament_index
[1.016s] creating /home/ryota/ros2_ws/install/mypkg/share/ament_index/resource_index
[1.016s] creating /home/ryota/ros2_ws/install/mypkg/share/ament_index/resource_index/packages
[1.017s] copying resource/mypkg -> /home/ryota/ros2_ws/install/mypkg/share/ament_index/resource_index/packages
[1.017s] creating /home/ryota/ros2_ws/install/mypkg/share/mypkg
[1.017s] copying package.xml -> /home/ryota/ros2_ws/install/mypkg/share/mypkg
[1.017s] copying launch/talk_listen.launch.py -> /home/ryota/ros2_ws/install/mypkg/share/mypkg
[1.017s] running install_egg_info
[1.019s] Copying ../../build/mypkg/mypkg.egg-info to /home/ryota/ros2_ws/install/mypkg/lib/python3.8/site-packages/mypkg-0.0.0-py3.8.egg-info
[1.020s] running install_scripts
[1.036s] Installing listener script to /home/ryota/ros2_ws/install/mypkg/lib/mypkg
[1.037s] Installing talker script to /home/ryota/ros2_ws/install/mypkg/lib/mypkg
[1.037s] writing list of installed files to '/home/ryota/ros2_ws/build/mypkg/install.log'
[1.057s] Invoked command in '/home/ryota/ros2_ws/src/mypkg' returned '0': PYTHONPATH=/home/ryota/ros2_ws/build/mypkg/prefix_override:/home/ryota/ros2_ws/install/mypkg/lib/python3.8/site-packages:${PYTHONPATH} /usr/bin/python3 setup.py egg_info --egg-base ../../build/mypkg build --build-base /home/ryota/ros2_ws/build/mypkg/build install --record /home/ryota/ros2_ws/build/mypkg/install.log --install-scripts $base/lib/mypkg --single-version-externally-managed
