[0.565s] Invoking command in '/home/ryota/ros2_ws/src/mypkg': PYTHONPATH=/home/ryota/ros2_ws/build/mypkg/prefix_override:/home/ryota/ros2_ws/install/mypkg/lib/python3.8/site-packages:${PYTHONPATH} /usr/bin/python3 setup.py egg_info --egg-base ../../build/mypkg build --build-base /home/ryota/ros2_ws/build/mypkg/build install --record /home/ryota/ros2_ws/build/mypkg/install.log --install-scripts $base/lib/mypkg --single-version-externally-managed
[0.687s] running egg_info
[0.687s] writing ../../build/mypkg/mypkg.egg-info/PKG-INFO
[0.688s] writing dependency_links to ../../build/mypkg/mypkg.egg-info/dependency_links.txt
[0.688s] writing entry points to ../../build/mypkg/mypkg.egg-info/entry_points.txt
[0.688s] writing requirements to ../../build/mypkg/mypkg.egg-info/requires.txt
[0.688s] writing top-level names to ../../build/mypkg/mypkg.egg-info/top_level.txt
[0.711s] reading manifest file '../../build/mypkg/mypkg.egg-info/SOURCES.txt'
[0.712s] writing manifest file '../../build/mypkg/mypkg.egg-info/SOURCES.txt'
[0.712s] running build
[0.712s] running build_py
[0.712s] running install
[0.712s] running install_lib
[0.713s] running install_data
[0.714s] running install_egg_info
[0.715s] removing '/home/ryota/ros2_ws/install/mypkg/lib/python3.8/site-packages/mypkg-0.0.0-py3.8.egg-info' (and everything under it)
[0.715s] Copying ../../build/mypkg/mypkg.egg-info to /home/ryota/ros2_ws/install/mypkg/lib/python3.8/site-packages/mypkg-0.0.0-py3.8.egg-info
[0.716s] running install_scripts
[0.729s] Installing listener script to /home/ryota/ros2_ws/install/mypkg/lib/mypkg
[0.729s] Installing talker script to /home/ryota/ros2_ws/install/mypkg/lib/mypkg
[0.729s] writing list of installed files to '/home/ryota/ros2_ws/build/mypkg/install.log'
[0.746s] Invoked command in '/home/ryota/ros2_ws/src/mypkg' returned '0': PYTHONPATH=/home/ryota/ros2_ws/build/mypkg/prefix_override:/home/ryota/ros2_ws/install/mypkg/lib/python3.8/site-packages:${PYTHONPATH} /usr/bin/python3 setup.py egg_info --egg-base ../../build/mypkg build --build-base /home/ryota/ros2_ws/build/mypkg/build install --record /home/ryota/ros2_ws/build/mypkg/install.log --install-scripts $base/lib/mypkg --single-version-externally-managed
